C51 COMPILER V9.01   APP                                                                   03/30/2021 23:22:54 PAGE 1   


C51 COMPILER V9.01, COMPILATION OF MODULE APP
OBJECT MODULE PLACED IN app.OBJ
COMPILER INVOKED BY: D:\Program Files (x86)\Keil_v4\C51\BIN\C51.EXE app.c BROWSE DEBUG OBJECTEXTEND

line level    source

   1          
   2          
   3          #include "app.h"
   4          
   5          #include "HX711.h"
   6          #include "lcd.h"
   7          #include "uart.h"
   8          #include "timer0.h"
   9          #include "key.h"
  10          
  11          #define  StandardValue   1600000                        //质量基准值
  12                          
  13          /* AD采集零点偏移平均值 */
  14          unsigned long AD_offset(void)
  15          {       
  16   1                unsigned char i = 5;
  17   1                unsigned long offset = 0;
  18   1            for (i = 5; i > 0; i--) 
  19   1            {
  20   2                      offset = offset + HX711_Read();
  21   2            }
  22   1            offset = (unsigned long)(offset / 5);
  23   1                return offset;
  24   1      }
  25          /*  */
  26          unsigned int AD_Weight(unsigned long offset) {
  27   1              
  28   1              unsigned long ADvalue = 0;      
  29   1      
  30   1              ADvalue = AD_average(5) - offset;        
  31   1              
  32   1                
  33   1              if (ADvalue < 0)
  34   1              {
  35   2                      ADvalue = 0;
  36   2              }                  
  37   1              //Weight_Shiwu = (unsigned int)((float)(Weight_Shiwu*10)/GapValue)-qupi;
  38   1              return (unsigned int)(ADvalue/100+0.5);
  39   1      }
  40          
  41          
  42          
  43          
  44          
  45          
  46          
  47          void changeDat(unsigned int value) {
  48   1      
  49   1              DisBuf[0] = value / 100000 % 10;  //高
  50   1              DisBuf[1] = value / 10000 % 10;
  51   1              DisBuf[2] = value / 1000 % 10;
  52   1              DisBuf[3] = value / 100 % 10;
  53   1              DisBuf[4] = value / 10 % 10;
  54   1              DisBuf[5] = value % 10;                   //低
  55   1      }
C51 COMPILER V9.01   APP                                                                   03/30/2021 23:22:54 PAGE 2   

  56          
  57          unsigned char DisBuf[6] = {0};
  58          /* 数据显示 */
  59          void LcdDisp(unsigned int value) { 
  60   1              unsigned char i = 0;
  61   1      
  62   1              changeDat(value);
  63   1      
  64   1              LcdWriteCom(0x80+0x40);
  65   1              do{
  66   2                      LcdWriteData('0'+DisBuf[i]);
  67   2                      i++;
  68   2                      if(i == 3) {
  69   3                              //LcdWriteData('.');
  70   3                      }
  71   2                       
  72   2              }while(i < 6);  
  73   1      }
  74          
  75          /* BT蓝牙发送数据 */
  76          void BTSend(unsigned char *ptr) {
  77   1      
  78   1              unsigned char i = 0;
  79   1      
  80   1              uartSendStr(" >> The Value is: ");
  81   1              do{
  82   2                      uartSendChr('0'+ptr[i++]);
  83   2              }while(i < 6);
  84   1              //uartSendStr("kg!");
  85   1      }
  86          
  87          unsigned char buffer[6]= {' '};
  88          unsigned char cnt = 0; 
  89          /* BT蓝牙接收数据 */ 
  90          void BTRecv(unsigned char *ptr) {
  91   1      
  92   1              if(flag_recv && (!flag_send)) {                 
  93   2                      flag_recv = 0;                  // 清除接收标志位
  94   2      
  95   2                      ptr[cnt] = SBUF;                // 接收一个字节数据，保存到ptr
  96   2                      LcdSetCursor(10,1);             // 设置显示坐标
  97   2                      LcdWriteData(ptr[cnt]); // 显示在LCD1602
  98   2                      cnt++;                                                   
  99   2                      if(6 == cnt) {
 100   3                              cnt = 0;
 101   3                      }
 102   2              }
 103   1      }
 104          
 105          
 106          
 107          
 108          


MODULE INFORMATION:   STATIC OVERLAYABLE
   CODE SIZE        =    448    ----
   CONSTANT SIZE    =     19    ----
   XDATA SIZE       =   ----    ----
   PDATA SIZE       =   ----    ----
   DATA SIZE        =     13      23
   IDATA SIZE       =   ----    ----
C51 COMPILER V9.01   APP                                                                   03/30/2021 23:22:54 PAGE 3   

   BIT SIZE         =   ----    ----
END OF MODULE INFORMATION.


C51 COMPILATION COMPLETE.  0 WARNING(S),  0 ERROR(S)
