C51 COMPILER V9.01   DELAY                                                                 03/22/2021 20:13:19 PAGE 1   


C51 COMPILER V9.01, COMPILATION OF MODULE DELAY
OBJECT MODULE PLACED IN delay.OBJ
COMPILER INVOKED BY: D:\Program Files (x86)\Keil_v4\C51\BIN\C51.EXE delay.c BROWSE DEBUG OBJECTEXTEND

line level    source

   1          
   2          #include <reg51.h>
   3          #include "delay.h"
   4          
   5          unsigned char flag_time = 0x00;
   6          
   7          unsigned char ref_us = 125;
   8          unsigned char ref_ms = 20;
   9          unsigned char ref_s  = 1000;
  10          
  11          void timer0Init(void) {
  12   1              TMOD |= 0x01;    /* 工作方式1 */
  13   1              TH0 = (65535-10000)/256;
  14   1              TL0 = (65535-10000)%256;
  15   1              ET0 = 1;          // 允许定时中断
  16   1              TR0 = 1;          // 启动定时器
  17   1      }
  18          
  19          /* timer0 定时器中断服务函数 */
  20          void timer0_isr(void) interrupt 1
  21          {
  22   1              TH0 = (65535-10000)/256;
  23   1              TL0 = (65535-10000)%256;
  24   1              ref_s--;
  25   1              ref_ms--;
  26   1      
  27   1              if(0 == ref_us) {
  28   2                      ref_us = 125;
  29   2                      flag_time |= 0x01;      
  30   2              }
  31   1      
  32   1              if(0 == ref_ms) {
  33   2                      ref_ms = 20;
  34   2                      flag_time |= 0x02;      
  35   2              }
  36   1      
  37   1              if(0 == ref_s) {
  38   2                      ref_s = 1000;
  39   2                      flag_time |= 0x04;
  40   2              }
  41   1      }
  42          
  43          /* ms时延 */
  44          void delay_ms(unsigned char ms) {
  45   1              unsigned char i=100,j;
  46   1              for(;ms;ms--){
  47   2                      while(--i){
  48   3                              j=10;
  49   3                              while(--j);
  50   3                      }
  51   2              }
  52   1      }


MODULE INFORMATION:   STATIC OVERLAYABLE
C51 COMPILER V9.01   DELAY                                                                 03/22/2021 20:13:19 PAGE 2   

   CODE SIZE        =     80    ----
   CONSTANT SIZE    =   ----    ----
   XDATA SIZE       =   ----    ----
   PDATA SIZE       =   ----    ----
   DATA SIZE        =      4    ----
   IDATA SIZE       =   ----    ----
   BIT SIZE         =   ----    ----
END OF MODULE INFORMATION.


C51 COMPILATION COMPLETE.  0 WARNING(S),  0 ERROR(S)
