C51 COMPILER V9.01   KEY                                                                   03/30/2021 23:22:54 PAGE 1   


C51 COMPILER V9.01, COMPILATION OF MODULE KEY
OBJECT MODULE PLACED IN key.OBJ
COMPILER INVOKED BY: D:\Program Files (x86)\Keil_v4\C51\BIN\C51.EXE key.c BROWSE DEBUG OBJECTEXTEND

line level    source

   1          
   2          
   3          #include "key.h"
   4          
   5          
   6          // 延时函数
   7          void delayMs(unsigned char t) {
   8   1          unsigned char a,b;
   9   1              for(; t>0; t--)
  10   1              {
  11   2                       for(b=199;b>0;b--)
  12   2                       {
  13   3                              for(a=1;a>0;a--);
  14   3                       }      
  15   2              } 
  16   1      }
  17          
  18          #ifdef  MATRIX_KEY         // 矩阵键盘
              
              static unsigned char KeyValue = 0xFF;   //      用来存放读取到的键值 初始值为0xFF
              
              // 判断是否有键按下 无键按下返回0
              unsigned char isKeyDown(void) {
                      unsigned char statu;
                      GPIO_KEY = 0x0F;
                      statu = GPIO_KEY & 0xF0;
                      return statu;
              }
              // 读取键值
              unsigned char readKey(void) {
              
                      unsigned char key = 0xFF;         // 设置键值初始值为 0xFF
                      //      测试列 确定是哪一列被按下
                      GPIO_KEY = 0X0F;
                      switch(GPIO_KEY)
                      {
                              case 0X07:      key = 0; break;
                              case 0X0B:      key = 1; break;
                              case 0X0D:  key = 2; break;
                              case 0X0E:      key = 3; break;
                              default: break;
                      }
                      //      测试行 确定是哪一行被按下
                      GPIO_KEY = 0XF0;
                      switch(GPIO_KEY)
                      {
                              case 0X70:      key = key; break;
                              case 0XB0:      key = key + 4; break;
                              case 0XD0:  key = key + 8; break;
                              case 0XE0:      key = key + 12; break;
                              default: break;
                      }
                      return key;
              }
              // 键盘扫描
C51 COMPILER V9.01   KEY                                                                   03/30/2021 23:22:54 PAGE 2   

              void keyScan(void)
              {
                      unsigned char i = 0;
                      GPIO_KEY = 0x0F;                        // 全扫描码 0x0F 
                      if((GPIO_KEY&0x0F) != 0x0F)     // 读取按键是否按下
                      {
                              delayMs(10);                    // 延时10ms进行消抖
                              if((GPIO_KEY&0x0F) != 0x0F)     // 再次检测键盘是否按下
                              {       
                                      KeyValue = readKey();    // 读取键值
                                      // 等待按下的键被释放
                                      while((i < 50) && (isKeyDown() != 0x00)) {                      
                                              delayMs(10);
                                              i++;
                                      }
                              }
                      }
              }
              // 返回键值（设计该函数为了解耦）
              unsigned char getKeyValue(void) {
                      return KeyValue;           
              }
              // 矩阵键盘处理
              void keyPros(void) {
              
                      keyScan();
                      if(KeyValue == 0)
                      {
                              LED1 = 0;
                      }
              }
              
              #else // 独立按键
  89          
  90          void keyPros(void) {
  91   1      
  92   1              if((K1 == 0)||(K2 == 0)) {
  93   2                      delayMs(10);
  94   2                      if((K1 == 0)||(K2 == 0)) {
  95   3                              if(K1 == 0)
  96   3                              {
  97   4                                      LED1 =! LED1;
  98   4                              }
  99   3                              else if(K2 == 0)
 100   3                              {
 101   4                                      LED2 =! LED2;
 102   4                              }
 103   3                              while(K1 == 0);
 104   3                              while(K2 == 0);
 105   3                      }
 106   2              }
 107   1      }
 108          
 109          #endif
 110          
 111          
 112          
 113          
 114          


MODULE INFORMATION:   STATIC OVERLAYABLE
C51 COMPILER V9.01   KEY                                                                   03/30/2021 23:22:54 PAGE 3   

   CODE SIZE        =     54    ----
   CONSTANT SIZE    =   ----    ----
   XDATA SIZE       =   ----    ----
   PDATA SIZE       =   ----    ----
   DATA SIZE        =   ----    ----
   IDATA SIZE       =   ----    ----
   BIT SIZE         =   ----    ----
END OF MODULE INFORMATION.


C51 COMPILATION COMPLETE.  0 WARNING(S),  0 ERROR(S)
