C51 COMPILER V9.01   LCD                                                                   03/30/2021 23:22:53 PAGE 1   


C51 COMPILER V9.01, COMPILATION OF MODULE LCD
OBJECT MODULE PLACED IN lcd.OBJ
COMPILER INVOKED BY: D:\Program Files (x86)\Keil_v4\C51\BIN\C51.EXE lcd.c BROWSE DEBUG OBJECTEXTEND

line level    source

   1           
   2          /*
   3                  FileName        : lcd.c
   4                  Author          : Tkz
   5                  Date            : 2021.02.5
   6          */
   7          
   8          #include "lcd.h"
   9          
  10          
  11          unsigned char code smgduan[17]={0x3f,0x06,0x5b,0x4f,0x66,0x6d,0x7d,0x07,
  12                                                  0x7f,0x6f,0x77,0x7c,0x39,0x5e,0x79,0x71};//显示0~F的值 （共阴极）
  13          
  14          
  15          void ReadBusy(void)           //忙检测函数，判断bit7是0，允许执行；1禁止
  16          {
  17   1          unsigned char statu;      //
  18   1          LCD1602_DATAPINS = 0xff;
  19   1          LCD1602_RS = 0;
  20   1          LCD1602_RW = 1;
  21   1          do
  22   1          {
  23   2              LCD1602_EN = 1;
  24   2              statu = LCD1602_DATAPINS;
  25   2              LCD1602_EN = 0;    //使能，用完就拉低，释放总线
  26   2          }while(statu & 0x80);
  27   1      }
  28          
  29          void Lcd1602_Delay1ms(unsigned int c)   //误差 0us
  30          {
  31   1          unsigned char a,b;
  32   1              for (; c>0; c--)
  33   1              {
  34   2                       for (b=199;b>0;b--)
  35   2                       {
  36   3                              for(a=1;a>0;a--);
  37   3                       }      
  38   2              }       
  39   1      }
  40          
  41          /* LCD1602写入命令 */
  42          void LcdWriteCom(unsigned char com)       //写入命令
  43          {
  44   1              ReadBusy();
  45   1              LCD1602_EN = 0;     //使能
  46   1              LCD1602_RS = 0;    //选择写入命令 数据/命令选择端(H/L) 1/0
  47   1              LCD1602_RW = 0;    //选择写入 读/写选择端(H\L)     1/0
  48   1              
  49   1              LCD1602_DATAPINS = com;     //放入命令
  50   1              Lcd1602_Delay1ms(1);            //等待数据稳定
  51   1      
  52   1              LCD1602_EN = 1;           //写入时序
  53   1              Lcd1602_Delay1ms(5);      //保持时间
  54   1              LCD1602_EN = 0;
  55   1      }
C51 COMPILER V9.01   LCD                                                                   03/30/2021 23:22:53 PAGE 2   

  56          
  57          /* LCD1602写入数据 */                              
  58          void LcdWriteData(unsigned char dat)                    //写入数据
  59          {
  60   1              ReadBusy();
  61   1              LCD1602_EN = 0; //使能清零
  62   1              LCD1602_RS = 1; //选择输入数据
  63   1              LCD1602_RW = 0; //选择写入
  64   1      
  65   1              LCD1602_DATAPINS = dat; //写入数据
  66   1              Lcd1602_Delay1ms(1);
  67   1      
  68   1              LCD1602_EN = 1;   //写入时序
  69   1              Lcd1602_Delay1ms(5);   //保持时间
  70   1              LCD1602_EN = 0;
  71   1      }
  72          void delay_ms(unsigned char ms);
  73          /* LCD1602初始化 */        
  74          void Lcd1602Init(void)                                            //LCD初始化子程序
  75          {
  76   1              LcdWriteCom(0x38);  //开显示 5*8,8位数据
  77   1              LcdWriteCom(0x0c);  //开显示不显示光标
  78   1              //LcdWriteCom(0x0f); // 显示光标并闪烁
  79   1              LcdWriteCom(0x06);  //写一个指针加1
  80   1              LcdWriteCom(0x01);  //清屏
  81   1              LcdWriteCom(0x80);  //设置数据指针起点
  82   1      
  83   1              //LcdWriteCom(0x80);
  84   1              LcdWriteStr(" Welcome To Use ");
  85   1              LcdWriteCom(0x80+0x40);
  86   1              LcdWriteStr("Electronic Scale");
  87   1              delay_ms(100);  
  88   1              LcdWriteCom(0x80);
  89   1              LcdWriteStr("value:          ");
  90   1              LcdWriteCom(0x80+0x40);
  91   1              LcdWriteStr("                ");
  92   1      }
  93          
  94          /* 设置坐标 */
  95          void LcdSetCursor(unsigned char X,unsigned char Y){
  96   1              Y &= 0x1;
  97   1              X &= 0xF; //限制X不能大于15，Y不能大于1
  98   1              if(Y) 
  99   1                      X |= 0x40; //当要显示第二行时地址码+0x40;
 100   1              X |= 0x80; //算出指令码 
 101   1              LcdWriteCom(X);
 102   1      }
 103           
 104          
 105          /* 按指定位置显示字符串 */
 106          void LcdWriteStr(unsigned char * str){
 107   1              while(*str != '\0'){
 108   2                      LcdWriteData(*str++);
 109   2              }       
 110   1      }
 111          
 112          
 113          


MODULE INFORMATION:   STATIC OVERLAYABLE
   CODE SIZE        =    226    ----
C51 COMPILER V9.01   LCD                                                                   03/30/2021 23:22:53 PAGE 3   

   CONSTANT SIZE    =     85    ----
   XDATA SIZE       =   ----    ----
   PDATA SIZE       =   ----    ----
   DATA SIZE        =   ----       3
   IDATA SIZE       =   ----    ----
   BIT SIZE         =   ----    ----
END OF MODULE INFORMATION.


C51 COMPILATION COMPLETE.  0 WARNING(S),  0 ERROR(S)
