C51 COMPILER V9.01   UART                                                                  03/30/2021 23:22:53 PAGE 1   


C51 COMPILER V9.01, COMPILATION OF MODULE UART
OBJECT MODULE PLACED IN uart.OBJ
COMPILER INVOKED BY: D:\Program Files (x86)\Keil_v4\C51\BIN\C51.EXE uart.c BROWSE DEBUG OBJECTEXTEND

line level    source

   1          
   2          #include <reg51.h>
   3          #include "uart.h"
   4          
   5          unsigned char flag_recv = 0;
   6          unsigned char flag_send = 0;
   7          
   8          /* 串口配置函数 */
   9          void uartInit(void) {
  10   1              TMOD |= 0x20;   // timer1工作方式2 波特率
  11   1              SCON |= 0x50;   // 10位异步收发 允许中断 允许接收
  12   1              PCON |= 0x80;   // 波特率加倍SMOD=0
  13   1              TH1 = 0xF3;             // 4800
  14   1              TL1 = 0xF3;
  15   1              ES = 1;         // 串口中断允许
  16   1              TR1 = 1;
  17   1      }
  18          /* 串口中断服务函数 */
  19          /* 程序死机原因 https://www.cnblogs.com/freesblog/p/5040474.html*/         
  20          void uart_isr(void) interrupt 4
  21          {
  22   1              if(RI) {
  23   2                      RI = 0; 
  24   2                      flag_recv = 1;
  25   2      
  26   2              }else {
  27   2                      TI = 0;
  28   2                      flag_send = 1;
  29   2              }
  30   1      }
  31          
  32          void uartSendChr(unsigned char chr) {
  33   1              SBUF = chr;
  34   1              while(!flag_send);
  35   1              flag_send = 0;  
  36   1      }
  37          
  38          void uartSendStr(unsigned char *str) {
  39   1              while(*str != '\0') {
  40   2                      uartSendChr(*str++);
  41   2              }
  42   1      }
  43          
  44          


MODULE INFORMATION:   STATIC OVERLAYABLE
   CODE SIZE        =     82    ----
   CONSTANT SIZE    =   ----    ----
   XDATA SIZE       =   ----    ----
   PDATA SIZE       =   ----    ----
   DATA SIZE        =      2       3
   IDATA SIZE       =   ----    ----
   BIT SIZE         =   ----    ----
END OF MODULE INFORMATION.

C51 COMPILER V9.01   UART                                                                  03/30/2021 23:22:53 PAGE 2   


C51 COMPILATION COMPLETE.  0 WARNING(S),  0 ERROR(S)
